2023-10-31 17:19:16.172 [info] Extension host with pid 20748 started
2023-10-31 17:19:16.302 [info] ExtensionService#_doActivateExtension vscode.git-base, startup: true, activationEvent: '*', root cause: vscode.git
2023-10-31 17:19:16.343 [info] ExtensionService#_doActivateExtension vscode.git, startup: true, activationEvent: '*'
2023-10-31 17:19:16.433 [info] ExtensionService#_doActivateExtension vscode.github, startup: true, activationEvent: '*'
2023-10-31 17:19:16.530 [info] Eager extensions activated
2023-10-31 17:19:16.600 [info] ExtensionService#_doActivateExtension vscode.debug-auto-launch, startup: false, activationEvent: 'onStartupFinished'
2023-10-31 17:19:16.604 [info] ExtensionService#_doActivateExtension vscode.merge-conflict, startup: false, activationEvent: 'onStartupFinished'
2023-10-31 17:19:25.794 [info] ExtensionService#_doActivateExtension vscode.json-language-features, startup: false, activationEvent: 'onLanguage:jsonc'
2023-10-31 17:19:25.872 [info] ExtensionService#_doActivateExtension vscode.typescript-language-features, startup: false, activationEvent: 'onLanguage:jsonc'
2023-10-31 17:19:25.940 [info] ExtensionService#_doActivateExtension vscode.emmet, startup: false, activationEvent: 'onLanguage'
2023-10-31 17:19:36.747 [info] Extension host terminating: renderer closed the MessagePort
2023-10-31 17:19:36.757 [info] Extension host with pid 20748 exiting with code 0
2023-10-31 17:19:37.595 [info] Extension host with pid 20867 started
2023-10-31 17:19:37.595 [info] Skipping acquiring lock for /home/dante/.config/VSCodium/User/workspaceStorage/669ff82b3fbabaa9a05020c814161ff6.
2023-10-31 17:19:37.685 [info] ExtensionService#_doActivateExtension vscode.git-base, startup: true, activationEvent: '*'
2023-10-31 17:19:37.714 [info] ExtensionService#_doActivateExtension vscode.github, startup: true, activationEvent: '*'
2023-10-31 17:19:37.719 [info] Eager extensions activated
2023-10-31 17:19:37.726 [info] ExtensionService#_doActivateExtension vscode.debug-auto-launch, startup: false, activationEvent: 'onStartupFinished'
2023-10-31 17:19:37.728 [info] ExtensionService#_doActivateExtension vscode.merge-conflict, startup: false, activationEvent: 'onStartupFinished'
2023-10-31 17:19:40.273 [info] ExtensionService#_doActivateExtension vscode.git, startup: false, activationEvent: 'api', root cause: vscode.github
2023-10-31 17:19:40.527 [info] ExtensionService#_doActivateExtension vscode.github-authentication, startup: false, activationEvent: 'onAuthenticationRequest:github'
2023-10-31 17:19:43.330 [info] ExtensionService#_doActivateExtension vscode.ipynb, startup: false, activationEvent: 'onNotebookSerializer:jupyter-notebook'
2023-10-31 17:19:43.754 [info] ExtensionService#_doActivateExtension vscode.emmet, startup: false, activationEvent: 'onLanguage'
2023-10-31 17:19:47.364 [info] ExtensionService#_doActivateExtension vscode.extension-editing, startup: false, activationEvent: 'onLanguage:markdown'
2023-10-31 17:19:47.382 [info] ExtensionService#_doActivateExtension vscode.markdown-language-features, startup: false, activationEvent: 'onLanguage:markdown'
2023-10-31 17:19:47.839 [info] ExtensionService#_doActivateExtension vscode.markdown-math, startup: false, activationEvent: 'api', root cause: vscode.markdown-language-features
2023-10-31 17:23:58.631 [info] Extension host terminating: renderer closed the MessagePort
2023-10-31 17:23:58.654 [error] Canceled: Canceled
	at new d (/snap/codium/353/usr/share/codium/resources/app/out/vs/workbench/api/node/extensionHostProcess.js:125:64080)
	at i._remoteCall (/snap/codium/353/usr/share/codium/resources/app/out/vs/workbench/api/node/extensionHostProcess.js:134:13779)
	at L.<computed>.U.charCodeAt.L.<computed> (/snap/codium/353/usr/share/codium/resources/app/out/vs/workbench/api/node/extensionHostProcess.js:134:10331)
	at n._doExecuteCommand (/snap/codium/353/usr/share/codium/resources/app/out/vs/workbench/api/node/extensionHostProcess.js:125:96332)
	at n.executeCommand (/snap/codium/353/usr/share/codium/resources/app/out/vs/workbench/api/node/extensionHostProcess.js:125:95657)
	at E.registerCommand.description (/snap/codium/353/usr/share/codium/resources/app/out/vs/workbench/api/node/extensionHostProcess.js:125:94898)
	at n._executeContributedCommand (/snap/codium/353/usr/share/codium/resources/app/out/vs/workbench/api/node/extensionHostProcess.js:125:96967)
	at n._doExecuteCommand (/snap/codium/353/usr/share/codium/resources/app/out/vs/workbench/api/node/extensionHostProcess.js:125:95790)
	at n.executeCommand (/snap/codium/353/usr/share/codium/resources/app/out/vs/workbench/api/node/extensionHostProcess.js:125:95657)
	at Object.executeCommand (/snap/codium/353/usr/share/codium/resources/app/out/vs/workbench/api/node/extensionHostProcess.js:140:27475)
	at s.D [as value] (/snap/codium/353/usr/share/codium/resources/app/extensions/git/dist/main.js:2:1312749)
	at c._deliver (/snap/codium/353/usr/share/codium/resources/app/out/vs/workbench/api/node/extensionHostProcess.js:80:2465)
	at c._deliverQueue (/snap/codium/353/usr/share/codium/resources/app/out/vs/workbench/api/node/extensionHostProcess.js:80:2556)
	at c.fire (/snap/codium/353/usr/share/codium/resources/app/out/vs/workbench/api/node/extensionHostProcess.js:80:2891)
	at Object.m [as dispose] (/snap/codium/353/usr/share/codium/resources/app/extensions/git/dist/main.js:2:1328537)
	at /snap/codium/353/usr/share/codium/resources/app/extensions/git/dist/main.js:2:1333378
	at Array.forEach (<anonymous>)
	at g.dispose (/snap/codium/353/usr/share/codium/resources/app/extensions/git/dist/main.js:2:1333364)
	at w.<anonymous> (/snap/codium/353/usr/share/codium/resources/app/out/vs/workbench/api/node/extensionHostProcess.js:121:5060)
	at w.dispose (/snap/codium/353/usr/share/codium/resources/app/out/vs/workbench/api/node/extensionHostProcess.js:121:5157)
	at w.<anonymous> (/snap/codium/353/usr/share/codium/resources/app/extensions/git/dist/main.js:2:1314761)
	at w.dispose (/snap/codium/353/usr/share/codium/resources/app/out/vs/workbench/api/node/extensionHostProcess.js:121:5157)
	at o (/snap/codium/353/usr/share/codium/resources/app/out/vs/workbench/api/node/extensionHostProcess.js:30:829)
	at s._deactivate (/snap/codium/353/usr/share/codium/resources/app/out/vs/workbench/api/node/extensionHostProcess.js:136:12852)
	at /snap/codium/353/usr/share/codium/resources/app/out/vs/workbench/api/node/extensionHostProcess.js:136:10108
	at Array.map (<anonymous>)
	at s._deactivateAll (/snap/codium/353/usr/share/codium/resources/app/out/vs/workbench/api/node/extensionHostProcess.js:136:10096)
	at s.terminate (/snap/codium/353/usr/share/codium/resources/app/out/vs/workbench/api/node/extensionHostProcess.js:136:10476)
	at o.terminate (/snap/codium/353/usr/share/codium/resources/app/out/vs/workbench/api/node/extensionHostProcess.js:140:1908)
	at u (/snap/codium/353/usr/share/codium/resources/app/out/vs/workbench/api/node/extensionHostProcess.js:153:11535)
	at MessagePortMain.<anonymous> (/snap/codium/353/usr/share/codium/resources/app/out/vs/workbench/api/node/extensionHostProcess.js:153:7610)
	at MessagePortMain.emit (node:events:513:28)
	at MessagePortMain._internalPort.emit (node:electron/js2c/utility_init:2:367) setContext undefined
2023-10-31 17:23:58.658 [error] Canceled: Canceled
	at new d (/snap/codium/353/usr/share/codium/resources/app/out/vs/workbench/api/node/extensionHostProcess.js:125:64080)
	at i._remoteCall (/snap/codium/353/usr/share/codium/resources/app/out/vs/workbench/api/node/extensionHostProcess.js:134:13779)
	at L.<computed>.U.charCodeAt.L.<computed> (/snap/codium/353/usr/share/codium/resources/app/out/vs/workbench/api/node/extensionHostProcess.js:134:10331)
	at n._doExecuteCommand (/snap/codium/353/usr/share/codium/resources/app/out/vs/workbench/api/node/extensionHostProcess.js:125:96332)
	at n.executeCommand (/snap/codium/353/usr/share/codium/resources/app/out/vs/workbench/api/node/extensionHostProcess.js:125:95657)
	at E.registerCommand.description (/snap/codium/353/usr/share/codium/resources/app/out/vs/workbench/api/node/extensionHostProcess.js:125:94898)
	at n._executeContributedCommand (/snap/codium/353/usr/share/codium/resources/app/out/vs/workbench/api/node/extensionHostProcess.js:125:96967)
	at n._doExecuteCommand (/snap/codium/353/usr/share/codium/resources/app/out/vs/workbench/api/node/extensionHostProcess.js:125:95790)
	at n.executeCommand (/snap/codium/353/usr/share/codium/resources/app/out/vs/workbench/api/node/extensionHostProcess.js:125:95657)
	at Object.executeCommand (/snap/codium/353/usr/share/codium/resources/app/out/vs/workbench/api/node/extensionHostProcess.js:140:27475)
	at set b [as b] (/snap/codium/353/usr/share/codium/resources/app/extensions/github/dist/extension.js:2:714364)
	at /snap/codium/353/usr/share/codium/resources/app/extensions/github/dist/extension.js:2:715005
	at s.value (/snap/codium/353/usr/share/codium/resources/app/extensions/git/dist/main.js:2:1401989)
	at c._deliver (/snap/codium/353/usr/share/codium/resources/app/out/vs/workbench/api/node/extensionHostProcess.js:80:2465)
	at c._deliverQueue (/snap/codium/353/usr/share/codium/resources/app/out/vs/workbench/api/node/extensionHostProcess.js:80:2556)
	at c.fire (/snap/codium/353/usr/share/codium/resources/app/out/vs/workbench/api/node/extensionHostProcess.js:80:2891)
	at Object.m [as dispose] (/snap/codium/353/usr/share/codium/resources/app/extensions/git/dist/main.js:2:1328537)
	at /snap/codium/353/usr/share/codium/resources/app/extensions/git/dist/main.js:2:1333378
	at Array.forEach (<anonymous>)
	at g.dispose (/snap/codium/353/usr/share/codium/resources/app/extensions/git/dist/main.js:2:1333364)
	at w.<anonymous> (/snap/codium/353/usr/share/codium/resources/app/out/vs/workbench/api/node/extensionHostProcess.js:121:5060)
	at w.dispose (/snap/codium/353/usr/share/codium/resources/app/out/vs/workbench/api/node/extensionHostProcess.js:121:5157)
	at w.<anonymous> (/snap/codium/353/usr/share/codium/resources/app/extensions/git/dist/main.js:2:1314761)
	at w.dispose (/snap/codium/353/usr/share/codium/resources/app/out/vs/workbench/api/node/extensionHostProcess.js:121:5157)
	at o (/snap/codium/353/usr/share/codium/resources/app/out/vs/workbench/api/node/extensionHostProcess.js:30:829)
	at s._deactivate (/snap/codium/353/usr/share/codium/resources/app/out/vs/workbench/api/node/extensionHostProcess.js:136:12852)
	at /snap/codium/353/usr/share/codium/resources/app/out/vs/workbench/api/node/extensionHostProcess.js:136:10108
	at Array.map (<anonymous>)
	at s._deactivateAll (/snap/codium/353/usr/share/codium/resources/app/out/vs/workbench/api/node/extensionHostProcess.js:136:10096)
	at s.terminate (/snap/codium/353/usr/share/codium/resources/app/out/vs/workbench/api/node/extensionHostProcess.js:136:10476)
	at o.terminate (/snap/codium/353/usr/share/codium/resources/app/out/vs/workbench/api/node/extensionHostProcess.js:140:1908)
	at u (/snap/codium/353/usr/share/codium/resources/app/out/vs/workbench/api/node/extensionHostProcess.js:153:11535)
	at MessagePortMain.<anonymous> (/snap/codium/353/usr/share/codium/resources/app/out/vs/workbench/api/node/extensionHostProcess.js:153:7610)
	at MessagePortMain.emit (node:events:513:28)
	at MessagePortMain._internalPort.emit (node:electron/js2c/utility_init:2:367) setContext undefined
2023-10-31 17:23:58.658 [info] Extension host with pid 20867 exiting with code 0
