[2023-11-12 15:01:34.754] [sharedprocess] [info] Starting worker process with pid 21639 (type: fileWatcher, window: 1).
[2023-11-12 15:07:22.979] [sharedprocess] [info] Getting Manifest... ms-toolsai.jupyter
[2023-11-12 15:07:23.456] [sharedprocess] [info] Getting Manifest... ms-toolsai.jupyter
[2023-11-12 15:07:23.537] [sharedprocess] [info] Installing extension: ms-toolsai.jupyter
[2023-11-12 15:07:23.923] [sharedprocess] [info] Getting Manifest... ms-toolsai.jupyter-keymap
[2023-11-12 15:07:24.005] [sharedprocess] [info] Extensions is already requested to install ms-toolsai.jupyter
[2023-11-12 15:07:24.944] [sharedprocess] [info] Getting Manifest... ms-toolsai.jupyter-renderers
[2023-11-12 15:07:25.556] [sharedprocess] [info] Installing extension: ms-toolsai.jupyter-keymap
[2023-11-12 15:07:25.556] [sharedprocess] [info] Installing extension: ms-toolsai.jupyter-renderers
[2023-11-12 15:07:27.241] [sharedprocess] [info] Downloaded extension: ms-toolsai.jupyter-keymap /home/dante/.config/Code/CachedExtensionVSIXs/ms-toolsai.jupyter-keymap-1.1.0
[2023-11-12 15:07:27.243] [sharedprocess] [info] Downloaded extension: ms-toolsai.jupyter-renderers /home/dante/.config/Code/CachedExtensionVSIXs/ms-toolsai.jupyter-renderers-1.0.9
[2023-11-12 15:07:27.275] [sharedprocess] [info] Extracted extension to /home/dante/.vscode/extensions/.965073c9-8742-4561-9196-859920e01869: ms-toolsai.jupyter-keymap
[2023-11-12 15:07:27.281] [sharedprocess] [info] Renamed to /home/dante/.vscode/extensions/ms-toolsai.jupyter-keymap-1.1.0
[2023-11-12 15:07:27.284] [sharedprocess] [info] Extracting completed. ms-toolsai.jupyter-keymap
[2023-11-12 15:07:27.533] [sharedprocess] [info] Extracted extension to /home/dante/.vscode/extensions/.903016a6-9139-4ea9-85c5-e3d9af5571d0: ms-toolsai.jupyter-renderers
[2023-11-12 15:07:27.539] [sharedprocess] [info] Renamed to /home/dante/.vscode/extensions/ms-toolsai.jupyter-renderers-1.0.9
[2023-11-12 15:07:27.540] [sharedprocess] [info] Extracting completed. ms-toolsai.jupyter-renderers
[2023-11-12 15:07:30.454] [sharedprocess] [info] Downloaded extension: ms-toolsai.jupyter /home/dante/.config/Code/CachedExtensionVSIXs/ms-toolsai.jupyter-2022.4.1021342353
[2023-11-12 15:07:31.042] [sharedprocess] [info] Extracted extension to /home/dante/.vscode/extensions/.a8391d31-17b8-452f-b4c6-64d8ede6b089: ms-toolsai.jupyter
[2023-11-12 15:07:31.050] [sharedprocess] [info] Renamed to /home/dante/.vscode/extensions/ms-toolsai.jupyter-2022.4.1021342353
[2023-11-12 15:07:31.058] [sharedprocess] [info] Extracting completed. ms-toolsai.jupyter
[2023-11-12 15:07:31.062] [sharedprocess] [info] Extension installed successfully: ms-toolsai.jupyter-keymap
[2023-11-12 15:07:31.062] [sharedprocess] [info] Extension installed successfully: ms-toolsai.jupyter-renderers
[2023-11-12 15:07:31.062] [sharedprocess] [info] Extension installed successfully: ms-toolsai.jupyter
