[2023-11-12T14:01:53.215Z] Validating found git in: git
[2023-11-12T14:01:53.255Z] Using git 2.34.1 from git
[2023-11-12T14:01:53.271Z] > git rev-parse --show-toplevel [3ms]
[2023-11-12T14:01:53.289Z] > git rev-parse --git-dir --git-common-dir [4ms]
[2023-11-12T14:01:53.295Z] Open repository: /home/dante/coding/IPCV/Computer-Vision
[2023-11-12T14:01:53.325Z] > git status -z -uall [18ms]
[2023-11-12T14:01:53.342Z] > git symbolic-ref --short HEAD [4ms]
[2023-11-12T14:01:53.359Z] > git for-each-ref --format=%(refname)%00%(upstream:short)%00%(objectname)%00%(upstream:track)%00%(upstream:remotename)%00%(upstream:remoteref) refs/heads/Antonio refs/remotes/Antonio [5ms]
[2023-11-12T14:01:53.382Z] > git for-each-ref --sort -committerdate --format %(refname) %(objectname) %(*objectname) [13ms]
[2023-11-12T14:01:53.383Z] > git remote --verbose [4ms]
[2023-11-12T14:01:53.394Z] > git config --get commit.template [2ms]
[2023-11-12T14:01:53.824Z] > git check-ignore -v -z --stdin [3ms]
[2023-11-12T14:30:03.867Z] > git status -z -uall [7ms]
[2023-11-12T14:30:03.888Z] > git symbolic-ref --short HEAD [3ms]
[2023-11-12T14:30:03.912Z] > git for-each-ref --format=%(refname)%00%(upstream:short)%00%(objectname)%00%(upstream:track)%00%(upstream:remotename)%00%(upstream:remoteref) refs/heads/Antonio refs/remotes/Antonio [4ms]
[2023-11-12T14:30:03.952Z] > git for-each-ref --sort -committerdate --format %(refname) %(objectname) %(*objectname) [22ms]
[2023-11-12T14:30:03.953Z] > git remote --verbose [4ms]
[2023-11-12T14:30:03.983Z] > git config --get commit.template [4ms]
[2023-11-12T14:30:17.522Z] git.stage 1
[2023-11-12T14:30:17.524Z] git.stage.scmResources 1
[2023-11-12T14:30:17.603Z] > git add -A -- /home/dante/coding/IPCV/Computer-Vision/Computer_Vision_Project.ipynb [65ms]
[2023-11-12T14:30:17.624Z] > git status -z -uall [6ms]
[2023-11-12T14:30:17.636Z] > git symbolic-ref --short HEAD [1ms]
[2023-11-12T14:30:17.653Z] > git for-each-ref --format=%(refname)%00%(upstream:short)%00%(objectname)%00%(upstream:track)%00%(upstream:remotename)%00%(upstream:remoteref) refs/heads/Antonio refs/remotes/Antonio [2ms]
[2023-11-12T14:30:17.685Z] > git for-each-ref --sort -committerdate --format %(refname) %(objectname) %(*objectname) [16ms]
[2023-11-12T14:30:17.686Z] > git remote --verbose [4ms]
[2023-11-12T14:30:17.712Z] > git config --get commit.template [3ms]
[2023-11-12T14:30:20.572Z] > git ls-tree -l HEAD -- /home/dante/coding/IPCV/Computer-Vision/Computer_Vision_Project.ipynb [12ms]
[2023-11-12T14:30:20.574Z] > git ls-files --stage -- /home/dante/coding/IPCV/Computer-Vision/Computer_Vision_Project.ipynb [3ms]
[2023-11-12T14:30:20.593Z] > git cat-file -s 3262f038660a6048f6004b978c9f8fda064c4c91 [4ms]
[2023-11-12T14:30:20.594Z] > git show --textconv HEAD:Computer_Vision_Project.ipynb [69ms]
[2023-11-12T14:30:20.597Z] > git show --textconv :Computer_Vision_Project.ipynb [54ms]
[2023-11-12T14:30:21.090Z] > git check-ignore -v -z --stdin [2ms]
[2023-11-12T14:31:44.320Z] > git status -z -uall [3ms]
[2023-11-12T14:31:44.341Z] > git symbolic-ref --short HEAD [4ms]
[2023-11-12T14:31:44.363Z] > git for-each-ref --format=%(refname)%00%(upstream:short)%00%(objectname)%00%(upstream:track)%00%(upstream:remotename)%00%(upstream:remoteref) refs/heads/Antonio refs/remotes/Antonio [4ms]
[2023-11-12T14:31:44.390Z] > git remote --verbose [2ms]
[2023-11-12T14:31:44.391Z] > git for-each-ref --sort -committerdate --format %(refname) %(objectname) %(*objectname) [15ms]
[2023-11-12T14:31:44.417Z] > git config --get commit.template [3ms]
[2023-11-12T14:31:44.678Z] > git ls-tree -l HEAD -- /home/dante/coding/IPCV/Computer-Vision/Computer_Vision_Project.ipynb [12ms]
[2023-11-12T14:31:44.680Z] > git ls-files --stage -- /home/dante/coding/IPCV/Computer-Vision/Computer_Vision_Project.ipynb [2ms]
[2023-11-12T14:31:44.693Z] > git cat-file -s 3262f038660a6048f6004b978c9f8fda064c4c91 [2ms]
[2023-11-12T14:31:51.806Z] > git ls-files --stage -- /home/dante/coding/IPCV/Computer-Vision/Computer_Vision_Project.ipynb [2ms]
[2023-11-12T14:31:51.825Z] > git cat-file -s 3262f038660a6048f6004b978c9f8fda064c4c91 [4ms]
[2023-11-12T14:31:51.841Z] > git show --textconv :Computer_Vision_Project.ipynb [50ms]
[2023-11-12T14:31:54.439Z] git.stage 1
[2023-11-12T14:31:54.441Z] git.stage.scmResources 1
[2023-11-12T14:31:54.540Z] > git add -A -- /home/dante/coding/IPCV/Computer-Vision/Computer_Vision_Project.ipynb [80ms]
[2023-11-12T14:31:54.563Z] > git status -z -uall [5ms]
[2023-11-12T14:31:54.584Z] > git symbolic-ref --short HEAD [3ms]
[2023-11-12T14:31:54.608Z] > git for-each-ref --format=%(refname)%00%(upstream:short)%00%(objectname)%00%(upstream:track)%00%(upstream:remotename)%00%(upstream:remoteref) refs/heads/Antonio refs/remotes/Antonio [4ms]
[2023-11-12T14:31:54.635Z] > git for-each-ref --sort -committerdate --format %(refname) %(objectname) %(*objectname) [14ms]
[2023-11-12T14:31:54.637Z] > git remote --verbose [3ms]
[2023-11-12T14:31:54.654Z] > git config --get commit.template [1ms]
[2023-11-12T14:31:55.764Z] > git ls-files --stage -- /home/dante/coding/IPCV/Computer-Vision/Computer_Vision_Project.ipynb [18ms]
[2023-11-12T14:31:55.781Z] > git ls-tree -l HEAD -- /home/dante/coding/IPCV/Computer-Vision/Computer_Vision_Project.ipynb [52ms]
[2023-11-12T14:31:55.783Z] > git ls-files --stage -- /home/dante/coding/IPCV/Computer-Vision/Computer_Vision_Project.ipynb [20ms]
[2023-11-12T14:31:55.802Z] > git cat-file -s 133d1d7a00c4db829c99b56109c9cfef35a834b5 [22ms]
[2023-11-12T14:31:55.804Z] > git cat-file -s 133d1d7a00c4db829c99b56109c9cfef35a834b5 [3ms]
[2023-11-12T14:31:55.881Z] > git show --textconv HEAD:Computer_Vision_Project.ipynb [58ms]
[2023-11-12T14:31:55.889Z] > git show --textconv :Computer_Vision_Project.ipynb [48ms]
[2023-11-12T14:31:55.943Z] > git show --textconv :Computer_Vision_Project.ipynb [83ms]
[2023-11-12T14:31:56.737Z] > git status -z -uall [6ms]
[2023-11-12T14:31:56.759Z] > git symbolic-ref --short HEAD [3ms]
[2023-11-12T14:31:56.781Z] > git for-each-ref --format=%(refname)%00%(upstream:short)%00%(objectname)%00%(upstream:track)%00%(upstream:remotename)%00%(upstream:remoteref) refs/heads/Antonio refs/remotes/Antonio [4ms]
[2023-11-12T14:31:56.813Z] > git for-each-ref --sort -committerdate --format %(refname) %(objectname) %(*objectname) [12ms]
[2023-11-12T14:31:56.814Z] > git remote --verbose [2ms]
[2023-11-12T14:31:56.835Z] > git config --get commit.template [4ms]
[2023-11-12T14:32:40.455Z] > git -c user.useConfigOnly=true commit --quiet --allow-empty-message --file - [8ms]
[2023-11-12T14:32:40.466Z] > git status -z -uall [2ms]
[2023-11-12T14:32:40.477Z] > git symbolic-ref --short HEAD [2ms]
[2023-11-12T14:32:40.492Z] > git for-each-ref --format=%(refname)%00%(upstream:short)%00%(objectname)%00%(upstream:track)%00%(upstream:remotename)%00%(upstream:remoteref) refs/heads/Antonio refs/remotes/Antonio [2ms]
[2023-11-12T14:32:40.516Z] > git for-each-ref --sort -committerdate --format %(refname) %(objectname) %(*objectname) [10ms]
[2023-11-12T14:32:40.516Z] > git remote --verbose [2ms]
[2023-11-12T14:32:40.531Z] > git config --get commit.template [2ms]
[2023-11-12T14:32:41.673Z] > git ls-files --stage -- /home/dante/coding/IPCV/Computer-Vision/Computer_Vision_Project.ipynb [16ms]
[2023-11-12T14:32:41.689Z] > git ls-tree -l HEAD -- /home/dante/coding/IPCV/Computer-Vision/Computer_Vision_Project.ipynb [50ms]
[2023-11-12T14:32:41.692Z] > git ls-tree -l HEAD -- /home/dante/coding/IPCV/Computer-Vision/Computer_Vision_Project.ipynb [20ms]
[2023-11-12T14:32:41.693Z] > git cat-file -s 133d1d7a00c4db829c99b56109c9cfef35a834b5 [4ms]
[2023-11-12T14:32:41.768Z] > git show --textconv HEAD:Computer_Vision_Project.ipynb [58ms]
[2023-11-12T14:32:41.783Z] > git show --textconv HEAD:Computer_Vision_Project.ipynb [56ms]
[2023-11-12T14:32:41.786Z] > git show --textconv :Computer_Vision_Project.ipynb [38ms]
[2023-11-12T14:32:42.638Z] > git status -z -uall [5ms]
[2023-11-12T14:32:42.655Z] > git symbolic-ref --short HEAD [3ms]
[2023-11-12T14:32:42.674Z] > git for-each-ref --format=%(refname)%00%(upstream:short)%00%(objectname)%00%(upstream:track)%00%(upstream:remotename)%00%(upstream:remoteref) refs/heads/Antonio refs/remotes/Antonio [5ms]
[2023-11-12T14:32:42.698Z] > git for-each-ref --sort -committerdate --format %(refname) %(objectname) %(*objectname) [15ms]
[2023-11-12T14:32:42.701Z] > git remote --verbose [4ms]
[2023-11-12T14:32:42.719Z] > git config --get commit.template [3ms]
[2023-11-12T14:32:51.767Z] > git log --oneline --cherry Antonio...Antonio@{upstream} -- [2ms]
[2023-11-12T14:32:52.431Z] > git pull --tags origin Antonio [654ms]
[2023-11-12T14:32:52.431Z] From https://github.com/MirkoLegnini/Computer-Vision
 * branch            Antonio    -> FETCH_HEAD
[2023-11-12T14:32:53.538Z] > git push origin Antonio:Antonio [1091ms]
[2023-11-12T14:32:53.538Z] To https://github.com/MirkoLegnini/Computer-Vision.git
   87dcc3a..b3aff02  Antonio -> Antonio
[2023-11-12T14:32:53.564Z] > git status -z -uall [6ms]
[2023-11-12T14:32:53.581Z] > git symbolic-ref --short HEAD [1ms]
[2023-11-12T14:32:53.599Z] > git for-each-ref --format=%(refname)%00%(upstream:short)%00%(objectname)%00%(upstream:track)%00%(upstream:remotename)%00%(upstream:remoteref) refs/heads/Antonio refs/remotes/Antonio [3ms]
[2023-11-12T14:32:53.701Z] > git for-each-ref --sort -committerdate --format %(refname) %(objectname) %(*objectname) [83ms]
[2023-11-12T14:32:53.704Z] > git ls-files --stage -- /home/dante/coding/IPCV/Computer-Vision/Computer_Vision_Project.ipynb [28ms]
[2023-11-12T14:32:53.727Z] > git ls-tree -l HEAD -- /home/dante/coding/IPCV/Computer-Vision/Computer_Vision_Project.ipynb [65ms]
[2023-11-12T14:32:53.729Z] > git remote --verbose [91ms]
[2023-11-12T14:32:53.751Z] > git cat-file -s 133d1d7a00c4db829c99b56109c9cfef35a834b5 [25ms]
[2023-11-12T14:32:53.752Z] > git ls-tree -l HEAD -- /home/dante/coding/IPCV/Computer-Vision/Computer_Vision_Project.ipynb [53ms]
[2023-11-12T14:32:53.768Z] > git config --get commit.template [18ms]
[2023-11-12T14:32:53.833Z] > git show --textconv HEAD:Computer_Vision_Project.ipynb [66ms]
[2023-11-12T14:32:53.840Z] > git show --textconv :Computer_Vision_Project.ipynb [49ms]
[2023-11-12T14:32:53.905Z] > git show --textconv HEAD:Computer_Vision_Project.ipynb [93ms]
[2023-11-12T14:32:54.862Z] > git ls-files --stage -- /home/dante/coding/IPCV/Computer-Vision/Computer_Vision_Project.ipynb [19ms]
[2023-11-12T14:32:54.880Z] > git ls-tree -l HEAD -- /home/dante/coding/IPCV/Computer-Vision/Computer_Vision_Project.ipynb [55ms]
[2023-11-12T14:32:54.881Z] > git ls-tree -l HEAD -- /home/dante/coding/IPCV/Computer-Vision/Computer_Vision_Project.ipynb [20ms]
[2023-11-12T14:32:54.883Z] > git cat-file -s 133d1d7a00c4db829c99b56109c9cfef35a834b5 [4ms]
[2023-11-12T14:32:54.947Z] > git show --textconv HEAD:Computer_Vision_Project.ipynb [46ms]
[2023-11-12T14:32:54.962Z] > git show --textconv HEAD:Computer_Vision_Project.ipynb [44ms]
[2023-11-12T14:32:55.010Z] > git show --textconv :Computer_Vision_Project.ipynb [71ms]
[2023-11-12T14:32:55.826Z] > git status -z -uall [5ms]
[2023-11-12T14:32:55.845Z] > git symbolic-ref --short HEAD [4ms]
[2023-11-12T14:32:55.864Z] > git for-each-ref --format=%(refname)%00%(upstream:short)%00%(objectname)%00%(upstream:track)%00%(upstream:remotename)%00%(upstream:remoteref) refs/heads/Antonio refs/remotes/Antonio [4ms]
[2023-11-12T14:32:55.895Z] > git for-each-ref --sort -committerdate --format %(refname) %(objectname) %(*objectname) [15ms]
[2023-11-12T14:32:55.897Z] > git remote --verbose [3ms]
[2023-11-12T14:32:55.917Z] > git config --get commit.template [3ms]
