Visual Studio Code (1.67.2, undefined, desktop)
Jupyter Extension Version: 2022.4.1021342353.
Python Extension not installed.
Workspace folder /home/dante/coding/IPCV/Computer-Vision
info 14:50:58.623: ZMQ install verified.
info 14:50:59.335: Preferred Remote kernel for /home/dante/coding/IPCV/Computer-Vision/Computer_Vision_Project.ipynb is undefined
info 14:50:59.335: Find preferred kernel for /home/dante/coding/IPCV/Computer-Vision/Computer_Vision_Project.ipynb with metadata {"kernelspec":{"display_name":"Python 3","language":"python","name":"python3"},"language_info":{"codemirror_mode":{"name":"ipython","version":3},"file_extension":".py","mimetype":"text/x-python","name":"python","nbconvert_exporter":"python","pygments_lexer":"ipython3","version":"3.11.6"},"orig_nbformat":4} & preferred interpreter 
info 14:50:59.337: Preferred Remote kernel for /home/dante/coding/IPCV/Computer-Vision/Computer_Vision_Project.ipynb is undefined
info 14:50:59.337: Preferred kernel .python3./python./.-m#ipykernel_launcher is exact match
info 14:50:59.338: PreferredConnection: .python3./python./.-m#ipykernel_launcher found for NotebookDocument: /home/dante/coding/IPCV/Computer-Vision/Computer_Vision_Project.ipynb
info 14:50:59.338: TargetController found ID: .python3./python./.-m#ipykernel_launcher for document /home/dante/coding/IPCV/Computer-Vision/Computer_Vision_Project.ipynb
info 14:50:59.383: Preferred Remote kernel for /home/dante/coding/IPCV/Computer-Vision/Computer_Vision_Project.ipynb is undefined
info 14:50:59.383: Find preferred kernel for /home/dante/coding/IPCV/Computer-Vision/Computer_Vision_Project.ipynb with metadata {"kernelspec":{"display_name":"Python 3","language":"python","name":"python3"},"language_info":{"codemirror_mode":{"name":"ipython","version":3},"file_extension":".py","mimetype":"text/x-python","name":"python","nbconvert_exporter":"python","pygments_lexer":"ipython3","version":"3.11.6"},"orig_nbformat":4} & preferred interpreter 
info 14:50:59.383: Preferred Remote kernel for /home/dante/coding/IPCV/Computer-Vision/Computer_Vision_Project.ipynb is undefined
info 14:50:59.383: Preferred kernel .python3./python./.-m#ipykernel_launcher is exact match
info 14:51:48.726: Experiment status for python is {"enabled":true,"optInto":[],"optOutFrom":[]}
info 14:51:49.98: Process Execution: > /bin/python3 -m pip list
> /bin/python3 -m pip list
info 14:53:10.596: Shutting down notebooks for 49b0b00d-13af-4d0b-9958-ecfbbd7e09de
info 14:53:10.596: Disposing HostJupyterExecution 7492b08c-2f37-463d-9f90-11a2aad68472
info 14:53:10.596: Disposing super HostJupyterExecution 7492b08c-2f37-463d-9f90-11a2aad68472
info 14:53:10.597: Disposing HostJupyterExecution 7492b08c-2f37-463d-9f90-11a2aad68472
info 14:53:10.597: Finished disposing HostJupyterExecution  7492b08c-2f37-463d-9f90-11a2aad68472
info 14:53:10.599: Cleaning up server cache 7492b08c-2f37-463d-9f90-11a2aad68472
info 14:53:10.599: Finished disposing HostJupyterExecution  7492b08c-2f37-463d-9f90-11a2aad68472
